<?xml version="1.0" encoding="UTF-8"?>
<!-- Generated by org.testng.reporters.JUnitReportReporter -->
<testsuite hostname="Menakas-MacBook-Air.local" failures="0" tests="7" name="TestRunners.TestLoginRun" time="232.460" errors="1" timestamp="15 Apr 2022 17:45:57 GMT" skipped="0">
  <testcase classname="TestRunners.TestLoginRun" name="runScenario" time="41.587"/>
  <testcase classname="TestRunners.TestLoginRun" name="runScenario" time="35.955"/>
  <testcase classname="TestRunners.TestLoginRun" name="tearDownClass" time="6.785">
    <error message="org.apache.pdfbox.pdmodel.graphics.image.PDImageXObject.createFromByteArray(Lorg/apache/pdfbox/pdmodel/PDDocument;[BLjava/lang/String;)Lorg/apache/pdfbox/pdmodel/graphics/image/PDImageXObject;" type="java.lang.NoSuchMethodError">
      <![CDATA[java.lang.NoSuchMethodError: org.apache.pdfbox.pdmodel.graphics.image.PDImageXObject.createFromByteArray(Lorg/apache/pdfbox/pdmodel/PDDocument;[BLjava/lang/String;)Lorg/apache/pdfbox/pdmodel/graphics/image/PDImageXObject;
at tech.grasshopper.pdf.image.ImageCreator.generateChartImageXObject(ImageCreator.java:25)
at tech.grasshopper.pdf.section.dashboard.DashboardDonutDisplay.createDonutChart(DashboardDonutDisplay.java:58)
at tech.grasshopper.pdf.section.dashboard.DashboardDonutDisplay.display(DashboardDonutDisplay.java:32)
at tech.grasshopper.pdf.section.dashboard.Dashboard.createSection(Dashboard.java:43)
at tech.grasshopper.pdf.PDFCucumberReport.createReport(PDFCucumberReport.java:90)
at tech.grasshopper.pdf.extent.ExtentPDFCucumberReporter.flush(ExtentPDFCucumberReporter.java:81)
at tech.grasshopper.pdf.extent.ExtentPDFCucumberReporter.access$100(ExtentPDFCucumberReporter.java:19)
at tech.grasshopper.pdf.extent.ExtentPDFCucumberReporter$1.onNext(ExtentPDFCucumberReporter.java:56)
at tech.grasshopper.pdf.extent.ExtentPDFCucumberReporter$1.onNext(ExtentPDFCucumberReporter.java:49)
at io.reactivex.rxjava3.subjects.PublishSubject$PublishDisposable.onNext(PublishSubject.java:310)
at io.reactivex.rxjava3.subjects.PublishSubject.onNext(PublishSubject.java:226)
at com.aventstack.extentreports.ReactiveSubject.onFlush(ReactiveSubject.java:83)
at com.aventstack.extentreports.AbstractProcessor.onFlush(AbstractProcessor.java:85)
at com.aventstack.extentreports.ExtentReports.flush(ExtentReports.java:279)
at com.aventstack.extentreports.cucumber.adapter.ExtentCucumberAdapter.finishReport(ExtentCucumberAdapter.java:300)
at com.aventstack.extentreports.cucumber.adapter.ExtentCucumberAdapter.access$600(ExtentCucumberAdapter.java:62)
at com.aventstack.extentreports.cucumber.adapter.ExtentCucumberAdapter$8.receive(ExtentCucumberAdapter.java:136)
at com.aventstack.extentreports.cucumber.adapter.ExtentCucumberAdapter$8.receive(ExtentCucumberAdapter.java:133)
at io.cucumber.core.eventbus.AbstractEventPublisher.send(AbstractEventPublisher.java:51)
at io.cucumber.core.eventbus.AbstractEventBus.send(AbstractEventBus.java:12)
at io.cucumber.core.runtime.CucumberExecutionContext.emitTestRunFinished(CucumberExecutionContext.java:93)
at io.cucumber.core.runtime.CucumberExecutionContext.finishTestRun(CucumberExecutionContext.java:74)
at io.cucumber.testng.TestNGCucumberRunner.finish(TestNGCucumberRunner.java:127)
at io.cucumber.testng.AbstractTestNGCucumberTests.tearDownClass(AbstractTestNGCucumberTests.java:53)
at java.base/jdk.internal.reflect.NativeMethodAccessorImpl.invoke0(Native Method)
at java.base/jdk.internal.reflect.NativeMethodAccessorImpl.invoke(NativeMethodAccessorImpl.java:62)
at java.base/jdk.internal.reflect.DelegatingMethodAccessorImpl.invoke(DelegatingMethodAccessorImpl.java:43)
at java.base/java.lang.reflect.Method.invoke(Method.java:566)
at org.testng.internal.MethodInvocationHelper.invokeMethod(MethodInvocationHelper.java:124)
at org.testng.internal.MethodInvocationHelper.invokeMethodConsideringTimeout(MethodInvocationHelper.java:59)
at org.testng.internal.Invoker.invokeConfigurationMethod(Invoker.java:458)
at org.testng.internal.Invoker.invokeConfigurations(Invoker.java:222)
at org.testng.internal.Invoker.invokeConfigurations(Invoker.java:142)
at org.testng.internal.TestMethodWorker.invokeAfterClassMethods(TestMethodWorker.java:214)
at org.testng.internal.TestMethodWorker.run(TestMethodWorker.java:111)
at java.base/java.util.concurrent.ThreadPoolExecutor.runWorker(ThreadPoolExecutor.java:1128)
at java.base/java.util.concurrent.ThreadPoolExecutor$Worker.run(ThreadPoolExecutor.java:628)
at java.base/java.lang.Thread.run(Thread.java:834)
]]>
    </error>
  </testcase> <!-- tearDownClass -->
  <testcase classname="TestRunners.TestLoginRun" name="runScenario" time="35.844"/>
  <testcase classname="TestRunners.TestLoginRun" name="runScenario" time="35.614"/>
  <testcase classname="TestRunners.TestLoginRun" name="runScenario" time="41.210"/>
  <testcase classname="TestRunners.TestLoginRun" name="runScenario" time="35.465"/>
</testsuite> <!-- TestRunners.TestLoginRun -->
