<?xml version="1.0" encoding="UTF-8"?>
<!-- Generated by org.testng.reporters.JUnitReportReporter -->
<testsuite skipped="0" hostname="Menakas-MacBook-Air.local" name="TestRunners.TestLoginRun" tests="7" failures="0" timestamp="22 Dec 2021 06:35:56 GMT" time="191.151" errors="1">
  <testcase name="runScenario" time="30.180" classname="TestRunners.TestLoginRun"/>
  <testcase name="tearDownClass" time="4.744" classname="TestRunners.TestLoginRun">
    <error type="java.lang.NoSuchFieldError" message="Justify">
      <![CDATA[java.lang.NoSuchFieldError: Justify
at org.vandeseer.easytable.drawing.cell.ParagraphCellDrawer.<clinit>(ParagraphCellDrawer.java:27)
at org.vandeseer.easytable.structure.cell.paragraph.ParagraphCell.createDefaultDrawer(ParagraphCell.java:42)
at org.vandeseer.easytable.structure.cell.AbstractCell.getDrawer(AbstractCell.java:158)
at org.vandeseer.easytable.TableDrawer.drawRow(TableDrawer.java:171)
at org.vandeseer.easytable.TableDrawer.drawWithFunction(TableDrawer.java:153)
at org.vandeseer.easytable.TableDrawer.lambda$drawPage$1(TableDrawer.java:83)
at java.lang.Iterable.forEach(Iterable.java:75)
at org.vandeseer.easytable.TableDrawer.drawPage(TableDrawer.java:82)
at org.vandeseer.easytable.TableDrawer.draw(TableDrawer.java:78)
at tech.grasshopper.pdf.chapter.detailed.DetailedRowComponent.display(DetailedRowComponent.java:90)
at tech.grasshopper.pdf.chapter.detailed.DetailedPage.lambda$0(DetailedPage.java:42)
at java.util.ArrayList.forEach(ArrayList.java:1259)
at tech.grasshopper.pdf.chapter.detailed.DetailedPage.createPage(DetailedPage.java:39)
at tech.grasshopper.pdf.chapter.detailed.DetailedChapter.sendToPage(DetailedChapter.java:115)
at tech.grasshopper.pdf.chapter.detailed.DetailedChapter.createAndSendPageData(DetailedChapter.java:83)
at tech.grasshopper.pdf.chapter.detailed.DetailedChapter.createChapter(DetailedChapter.java:28)
at tech.grasshopper.pdf.PDFCucumberReport.lambda$0(PDFCucumberReport.java:100)
at java.util.ArrayList.forEach(ArrayList.java:1259)
at tech.grasshopper.pdf.PDFCucumberReport.createReport(PDFCucumberReport.java:100)
at tech.grasshopper.pdf.extent.ExtentPDFCucumberReporter.flush(ExtentPDFCucumberReporter.java:66)
at tech.grasshopper.pdf.extent.ExtentPDFCucumberReporter.access$1(ExtentPDFCucumberReporter.java:57)
at tech.grasshopper.pdf.extent.ExtentPDFCucumberReporter$1.onNext(ExtentPDFCucumberReporter.java:42)
at tech.grasshopper.pdf.extent.ExtentPDFCucumberReporter$1.onNext(ExtentPDFCucumberReporter.java:1)
at io.reactivex.rxjava3.subjects.PublishSubject$PublishDisposable.onNext(PublishSubject.java:310)
at io.reactivex.rxjava3.subjects.PublishSubject.onNext(PublishSubject.java:226)
at com.aventstack.extentreports.ReactiveSubject.onFlush(ReactiveSubject.java:83)
at com.aventstack.extentreports.AbstractProcessor.onFlush(AbstractProcessor.java:85)
at com.aventstack.extentreports.ExtentReports.flush(ExtentReports.java:284)
at com.aventstack.extentreports.cucumber.adapter.ExtentCucumberAdapter.finishReport(ExtentCucumberAdapter.java:296)
at com.aventstack.extentreports.cucumber.adapter.ExtentCucumberAdapter.access$6(ExtentCucumberAdapter.java:295)
at com.aventstack.extentreports.cucumber.adapter.ExtentCucumberAdapter$8.receive(ExtentCucumberAdapter.java:132)
at com.aventstack.extentreports.cucumber.adapter.ExtentCucumberAdapter$8.receive(ExtentCucumberAdapter.java:1)
at io.cucumber.core.eventbus.AbstractEventPublisher.send(AbstractEventPublisher.java:51)
at io.cucumber.core.eventbus.AbstractEventBus.send(AbstractEventBus.java:12)
at io.cucumber.core.runtime.CucumberExecutionContext.emitTestRunFinished(CucumberExecutionContext.java:93)
at io.cucumber.core.runtime.CucumberExecutionContext.finishTestRun(CucumberExecutionContext.java:74)
at io.cucumber.testng.TestNGCucumberRunner.finish(TestNGCucumberRunner.java:126)
at io.cucumber.testng.AbstractTestNGCucumberTests.tearDownClass(AbstractTestNGCucumberTests.java:53)
at sun.reflect.NativeMethodAccessorImpl.invoke0(Native Method)
at sun.reflect.NativeMethodAccessorImpl.invoke(NativeMethodAccessorImpl.java:62)
at sun.reflect.DelegatingMethodAccessorImpl.invoke(DelegatingMethodAccessorImpl.java:43)
at java.lang.reflect.Method.invoke(Method.java:498)
at org.testng.internal.MethodInvocationHelper.invokeMethod(MethodInvocationHelper.java:124)
at org.testng.internal.MethodInvocationHelper.invokeMethodConsideringTimeout(MethodInvocationHelper.java:59)
at org.testng.internal.Invoker.invokeConfigurationMethod(Invoker.java:458)
at org.testng.internal.Invoker.invokeConfigurations(Invoker.java:222)
at org.testng.internal.Invoker.invokeConfigurations(Invoker.java:142)
at org.testng.internal.TestMethodWorker.invokeAfterClassMethods(TestMethodWorker.java:214)
at org.testng.internal.TestMethodWorker.run(TestMethodWorker.java:111)
at org.testng.TestRunner.privateRun(TestRunner.java:648)
at org.testng.TestRunner.run(TestRunner.java:505)
at org.testng.SuiteRunner.runTest(SuiteRunner.java:455)
at org.testng.SuiteRunner.runSequentially(SuiteRunner.java:450)
at org.testng.SuiteRunner.privateRun(SuiteRunner.java:415)
at org.testng.SuiteRunner.run(SuiteRunner.java:364)
at org.testng.SuiteRunnerWorker.runSuite(SuiteRunnerWorker.java:52)
at org.testng.SuiteRunnerWorker.run(SuiteRunnerWorker.java:84)
at org.testng.TestNG.runSuitesSequentially(TestNG.java:1208)
at org.testng.TestNG.runSuitesLocally(TestNG.java:1137)
at org.testng.TestNG.runSuites(TestNG.java:1049)
at org.testng.TestNG.run(TestNG.java:1017)
at org.testng.remote.AbstractRemoteTestNG.run(AbstractRemoteTestNG.java:115)
at org.testng.remote.RemoteTestNG.initAndRun(RemoteTestNG.java:251)
at org.testng.remote.RemoteTestNG.main(RemoteTestNG.java:77)
]]>
    </error>
  </testcase> <!-- tearDownClass -->
  <testcase name="runScenario" time="34.913" classname="TestRunners.TestLoginRun"/>
  <testcase name="runScenario" time="28.992" classname="TestRunners.TestLoginRun"/>
  <testcase name="runScenario" time="33.971" classname="TestRunners.TestLoginRun"/>
  <testcase name="runScenario" time="29.171" classname="TestRunners.TestLoginRun"/>
  <testcase name="runScenario" time="29.180" classname="TestRunners.TestLoginRun"/>
</testsuite> <!-- TestRunners.TestLoginRun -->
